./macos-install-all.sh  starting with logging to file:
./macos-install-all.sh.2018-04-08T04:30:44-0600-.log ...

   sw_vers ::
ProductName:	Mac OS X
ProductVersion:	10.13.3
BuildVersion:	17D102

   uname -a ::
Darwin Wilsons-MacBook-Pro.local 17.4.0 Darwin Kernel Version 17.4.0: Sun Dec 17 09:19:54 PST 2017; root:xnu-4570.41.2~1/RELEASE_X86_64 x86_64
GNU bash, version 4.4.19(1)-release (x86_64-apple-darwin17.3.0)

ruby 2.3.3p222 (2016-11-21 revision 56859) [universal.x86_64-darwin17]

>>> Brew already installed:

Homebrew 1.5.14
Homebrew/homebrew-core (git revision 1f9ba; last commit 2018-04-07)

git version 2.16.3

   git ls-files -v|grep '^h' ::


   secrets.sh ::
GIT_NAME=Wilson Mar
GIT_ID=WilsonMar@gmail.com
GIT_EMAIL=WilsonMar+GitHub@gmail.com
GIT_USERNAME=hotwilson
GITS_PATH=~/gits
GITHUB_ACCOUNT=hotwilson
GITHUB_REPO=sample
GIT_CLIENT=
GIT_EDITOR=
WORK_REPO=
GIT_BROWSER=
GIT_TOOLS=
GIT_LANG=
GUI_TEST=
JAVA_TOOLS=
PYTHON_TOOLS=
CLOUD=
TRYOUT=

   env varibles, alphabetically ::
declare -x ANDROID_HOME="/usr/local/opt/android-sdk"
declare -x ANDROID_NDK_HOME="/usr/local/opt/android-ndk"
declare -x ANDROID_SDK_ROOT="/usr/local/share/android-sdk"
declare -x ANT_HOME="/usr/local/opt/ant"
declare -x ARCHFLAGS="-arch x86_64"
declare -x AWS_DEFAULT_REGION="us-west-2"
declare -x Apple_PubSub_Socket_Render="/private/tmp/com.apple.launchd.DXG9Mxu6UA/Render"
declare -x CLICOLOR="1"
declare -x EC2_URL="https://us-west-2.console.aws.amazon.com/ec2/v2/home?region=us-west-2#Instances:sort=instanceId"
declare -x EDITOR="/usr/local/bin/mate -w"
declare -x GOHOME="/Users/wilsonmar/gits/wilsonmar/golang-samples"
declare -x GOPATH="/Users/wilsonmar/gopkgs"
declare -x GPG_TTY="/dev/ttys002"
declare -x GRADLE_HOME="/usr/local/opt/gradle"
declare -x HOME="/Users/wilsonmar"
declare -x HOMEBREW_CASK_OPTS="--appdir=~/Applications"
declare -x JMETER_HOME="/usr/local/Cellar/jmeter/3.3/libexec"
declare -x LANG="en_US.UTF-8"
declare -x LC_ALL="en_US.utf-8"
declare -x LOGNAME="wilsonmar"
declare -x M2="/usr/local/Cellar/maven/3.5.0/libexec/bin"
declare -x M2_HOME="/usr/local/Cellar/maven/3.5.0/libexec"
declare -x MAVEN_HOME="/usr/local/opt/maven"
declare -x NVM_DIR="/Users/wilsonmar/.nvm"
declare -x OLDPWD="/Users/wilsonmar/.ssh"
declare -x PATH="/usr/local/opt/python/libexec/bin:/usr/local/opt/gradle/bin:/usr/local/opt/maven/bin:/usr/local/opt/ant/bin:/usr/local/Cellar/jmeter/3.3/libexec/bin:/Users/wilsonmar/gits/wilsonmar/git-utilities/git-custom-commands:/Users/wilsonmar/gits:/usr/local/bin:/usr/bin:/bin:/sbin:/usr/local/share/dotnet:/usr/local/Cellar/maven/3.5.0/libexec/bin:/Users/wilsonmar/onpath/sonar-scanner/bin:/Users/wilsonmar/.google-cloud-sdk/bin:/usr/local/opt/android-sdk/tools:/usr/local/opt/android-sdk/platform-tools:/usr/local/opt/android-sdk/build-tools/19.1.0:/usr/local/bin/chromedriver"
declare -x PS1="\w\[\033[33m\]\$(parse_git_branch)\[\033[00m\] \$ "
declare -x PWD="/Users/wilsonmar/gits/wilsonmar/DevSecOps/macos-install-all"
declare -x SECURITYSESSIONID="186a8"
declare -x SHELL="/bin/bash"
declare -x SHLVL="2"
declare -x SSH_AUTH_SOCK="/private/tmp/com.apple.launchd.Az7ekzvSvN/Listeners"
declare -x TERM="xterm-256color"
declare -x TERM_PROGRAM="Apple_Terminal"
declare -x TERM_PROGRAM_VERSION="400"
declare -x TERM_SESSION_ID="4E23AEE0-3883-4512-97D1-717D65C16848"
declare -x TMPDIR="/var/folders/vv/ndwywgwj52j1t92_bqd_q7ym0000gn/T/"
declare -x USER="wilsonmar"
declare -x WM="/Users/wilsonmar/gits/wilsonmar/wilsonmar.github.io"
declare -x XPC_FLAGS="0x0"
declare -x XPC_SERVICE_NAME="0"
declare -x alias
declare -x python="/usr/local/bin/python2.7"

   /Users/wilsonmar/.bash_profile ::
PATH=/usr/local/bin:/usr/bin:/bin:/sbin:/usr/local/share/dotnet
# Note colons separate items in $PATH.
# /usr/local/bin before usr/bin so Homebrew stuff is found first
# alias fix_brew='sudo chown -R $USER /usr/local/'export PATH="/usr/local/bin:$PATH"
# For homebrew:
# $(brew --prefix)/sbin

# For use in brew cask install xxx
export HOMEBREW_CASK_OPTS="--appdir=~/Applications"
#export HOMEBREW_CASK_OPTS="--appdir=~/Applications --caskroom=~/Caskroom"

parse_git_branch() {
     git branch 2> /dev/null | sed -e '/^[^*]/d' -e 's/* \(.*\)/ (\1)/'
}
export PS1="\w\[[33m\]\$(parse_git_branch)\[[00m\] $ "
#export PS1="\u@\h \[[32m\]\w\[[33m\]\$(parse_git_branch)\[[00m\] $ "
#PS1='\u \W$(__git_ps1)\$ '

alias wm='cd ~/gits/wilsonmar/wilsonmar.github.io/_posts;git status -s -b'
alias wf='cd ~/gits/wilsonmar/futures;git status -s -b'
alias aih='iothub-explorer'

alias bs='bundle exec jekyll serve --config _config.yml,_config_dev.yml'

alias myip="ifconfig en0 | grep inet | grep -v inet6 | cut -d ' ' -f2"
alias last20='stat -f "%m%t%Sm %N" /tmp/* | sort -rn | head -20 | cut -f2-'

export GPG_TTY=$(tty)

# Load the shell dotfiles, and then some:
# * ~/.path can be used to extend `$PATH`.
# * ~/.extra can be used for other settings you don’t want to commit.
for file in ~/.{path,bash_prompt,exports,aliases,functions,extra}; do
	[ -r "$file" ] && [ -f "$file" ] && source "$file";
done;
unset file;

# Case-insensitive globbing (used in pathname expansion)
shopt -s nocaseglob;

# Append to the Bash history file, rather than overwriting it
shopt -s histappend;

# Autocorrect typos in path names when using `cd`
shopt -s cdspell;

# Enable some Bash 4 features when possible:
# * `autocd`, e.g. `**/qux` will enter `./foo/bar/baz/qux`
# * Recursive globbing, e.g. `echo **/*.txt`
for option in autocd globstar; do
	shopt -s "$option" 2> /dev/null;
done;

# Copied from https://github.com/wilsonmar/git-utilities:
export PATH="$HOME/gits:$PATH"
export PATH="$HOME/gits/wilsonmar/git-utilities/git-custom-commands:$PATH"
export WM="$HOME/gits/wilsonmar/wilsonmar.github.io"
# Add tab completion for many Bash commands
if which brew &> /dev/null && [ -f "$(brew --prefix)/share/bash-completion/bash_completion" ]; then
	source "$(brew --prefix)/share/bash-completion/bash_completion";
elif [ -f /etc/bash_completion ]; then
	source /etc/bash_completion;
fi;
# Enable tab completion for `g` by marking it as an alias for `git`
if type _git &> /dev/null && [ -f /usr/local/etc/bash_completion.d/git-completion.bash ]; then
	complete -o default -o nospace -F _git g;
fi;


# https://gist.github.com/sindresorhus/98add7be608fad6b5376a895e5a59972

# Add tab completion for SSH hostnames based on ~/.ssh/config, ignoring wildcards
[ -e "$HOME/.ssh/config" ] && complete -o "default" -o "nospace" -W "$(grep "^Host" ~/.ssh/config | grep -v "[?*]" | cut -d " " -f2- | tr ' ' '
')" scp sftp ssh;

# Add tab completion for `defaults read|write NSGlobalDomain`
# You could just use `-g` instead, but I like being explicit
complete -W "NSGlobalDomain" defaults;

# Add `killall` tab completion for common apps
complete -o "nospace" -W "Contacts Calendar Dock Finder Mail Safari iTunes SystemUIServer Terminal Twitter" killall;

# For Ruby:
#export PATH="$PATH:$HOME/.rvm/gems/ruby-2.3.1/bin"
export LC_ALL=en_US.utf-8
#export PATH="$HOME/.rbenv/bin:$PATH"
#eval "$(rbenv init -)"

# Go installs packages in the first in this path of go source, separated by colons. See https://wilsonmar.github.io/golang
export GOPATH="$HOME/gopkgs"
export GOHOME="$HOME/gits/wilsonmar/golang-samples"
#export GOROOT=/usr/local/Cellar/go/1.8.1  # Homebrew https://dave.cheney.net/2013/06/14/you-dont-need-to-set-goroot-really
#export PATH=$PATH:$GOROOT/bin

# Since which maven doesn't work:
export M2_HOME=/usr/local/Cellar/maven/3.5.0/libexec
export M2=$M2_HOME/bin
export PATH=$PATH:$M2_HOME/bin

complete -C aws_completer aws
export AWS_DEFAULT_REGION=us-west-2
export EC2_URL=https://us-west-2.console.aws.amazon.com/ec2/v2/home?region=us-west-2#Instances:sort=instanceId

export PATH="$PATH:$HOME/onpath/sonar-scanner/bin"
export PATH="$PATH:$HOME/.google-cloud-sdk/bin"
# source '/Users/mac/lib/azure-cli/az.completion'

# Following https://wilsonmar/github.io/jmeter-install ::
export PATH="/usr/local/Cellar/jmeter/3.3/libexec/bin:$PATH"
export JMETER_HOME=/usr/local/Cellar/jmeter/3.3/libexec  # if installed using Homebrew

export ANDROID_SDK_ROOT="/usr/local/share/android-sdk"      
export ANT_HOME=/usr/local/opt/ant
export PATH=$ANT_HOME/bin:$PATH

export MAVEN_HOME=/usr/local/opt/maven
export PATH=$MAVEN_HOME/bin:$PATH

export GRADLE_HOME=/usr/local/opt/gradle
export PATH=$GRADLE_HOME/bin:$PATH

export ANDROID_HOME=/usr/local/opt/android-sdk
export ANDROID_NDK_HOME=/usr/local/opt/android-ndk
export PATH=$PATH:$ANDROID_HOME/tools
export PATH=$PATH:$ANDROID_HOME/platform-tools
export PATH=$PATH:$ANDROID_HOME/build-tools/19.1.0
if [ -f /Users/wilsonmar/.git-completion.bash ]; then
   . /Users/wilsonmar/.git-completion.bash
fi

# mac-bash-profile.txt in https://github.com/wilsonmar/git-utilities
# For paste into ~/.bash_profile 

alias c="clear"
alias p="pwd"
alias sbp='source ~/.bash_profile'
alias rs='exec -l $SHELL'

alias dir='ls -alr'
alias ll='ls -FalhG'

alias gs='git status -s -b'
alias grm='git rm $(git ls-files --deleted)'
alias gb='git branch -avv'
function gd() { # get dirty
	[[ $(git status 2> /dev/null | tail -n1) != *"working directory clean"* ]] && echo "*"
}
function parse_git_branch() {
	git branch --no-color 2> /dev/null | sed -e '/^[^*]/d' -e "s/* \(.*\)/\1$(gd)/"
}
alias get='git pull'
alias gf='git fetch;git diff master..origin/master'
alias gmo='git merge origin/master'
alias ga='git add .'
alias gc='git commit -m' # requires you to type a commit message
alias gl='clear;git status;git log --pretty=format:"%h %s %ad" --graph --since=1.days --date=relative;git log --show-signature -n 1'
alias gbs='git status;git add . -A;git commit -m"Update";git push'
function gas() { git status ;  git add . -A ; git commit -m "$1" ; git push; }
alias gp='git push'

# For more Mac aliases, see https://gist.github.com/natelandau/10654137
   # described at https://natelandau.com/my-mac-osx-bash_profile/
# https://github.com/clvv/fasd

alias p4merge='/Applications/p4merge.app/Contents/MacOS/p4merge'
export EDITOR="/usr/local/bin/mate -w" 
alias sts='open -a "/Applications/STS.app"'
alias eclipse='open "/Applications/Eclipse.app"'
alias subl='open -a "/Applications/Sublime Text.app"'
alias textedit='open -a "/Applications/TextEdit.app"'
export PATH="$PATH:/usr/local/bin/chromedriver"
alias macvim='open -a "/Applications/MacVim.app"'
alias tf="terraform $1"
alias tfa="terraform apply"
alias tfd="terraform destroy"
alias tfs="terraform show"
export CLICOLOR=1
export ARCHFLAGS="-arch x86_64"
alias idea='open -a "/Applications/IntelliJ IDEA CE.app"'
export alias python=/usr/local/bin/python2.7
export PATH="/usr/local/opt/python/libexec/bin:/usr/local/opt/gradle/bin:/usr/local/opt/maven/bin:/usr/local/opt/ant/bin:/usr/local/Cellar/jmeter/3.3/libexec/bin:/Users/wilsonmar/gits/wilsonmar/git-utilities/git-custom-commands:/Users/wilsonmar/gits:/usr/local/bin:/usr/bin:/bin:/sbin:/usr/local/share/dotnet:/usr/local/Cellar/maven/3.5.0/libexec/bin:/Users/wilsonmar/onpath/sonar-scanner/bin:/Users/wilsonmar/.google-cloud-sdk/bin:/usr/local/opt/android-sdk/tools:/usr/local/opt/android-sdk/platform-tools:/usr/local/opt/android-sdk/build-tools/19.1.0:/usr/local/bin/chromedriver"
alias gcs='cd ~/.google-cloud-sdk;ls'
export NVM_DIR="/Users/wilsonmar/.nvm"

   brew info --all ::
106 kegs, 178,425 files, 7GB

   /Users/wilsonmar/.gitconfig ::
[user]
	name = Wilson Mar
	email = WilsonMar+GitHub@gmail.com
	id = WilsonMar@gmail.com
	username = hotwilson
	signingkey = E62CF51CE3E5A4E8
[github]
	user = hotwilson
	token = token
[commit]
	gpgsign = false
[web]
	browser = brave
[color]
	ui = true
	status = auto
	branch = auto
	interactive = auto
	diff = auto
	pager = true
[color "status"]
	added = green   normal bold
	changed = blue    normal bold
	header = white   normal dim
	untracked = cyan    normal bold
[color "branch"]
	current = yellow  reverse
	local = yellow  normal bold
	remote = cyan    normal dim
[color "diff"]
	meta = yellow  normal bold
	frag = magenta normal bold
	old = blue    normal strike
	new = green   normal bold
	whitespace = red     normal reverse
	commit = yellow bold
[rerere]
	enabled = 1
	autoupdate = 1
[core]
	editor = sts
	excludesfile = ~/.gitignore
	hitespace = space-before-tab,indent-with-non-tab,trailing-space
	pager = diff-so-fancy | less --tabs=4 -RFX
[merge]
	tool = p4mergetool
[mergetool "p4mergetool"]
	cmd = /Applications/p4merge.app/Contents/Resources/launchp4merge $PWD/$BASE $PWD/$REMOTE $PWD/$LOCAL $PWD/$MERGED
	trustExitCode = false
[mergetool]
	keepBackup = true
[diff]
	tool = p4mergetool
[difftool]
	prompt = false
[difftool "p4mergetool"]
	cmd = /Applications/p4merge.app/Contents/Resources/launchp4merge $LOCAL $REMOTE
[filter "lfs"]
	required = true
	clean = git-lfs clean -- %f
	smudge = git-lfs smudge -- %f
	process = git-lfs filter-process
[color "diff-highlight"]
	oldNormal = red bold
	oldHighlight = red bold 52
	newNormal = green bold
	newHighlight = green bold 22
[diff-so-fancy]
	markEmptyLines = false
	changeHunkIndicators = false
	stripLeadingSymbols = false
	useUnicodeRuler = false
[cola]
	spellcheck = false
[difftool "sourcetree"]
	cmd = opendiff \"$LOCAL\" \"$REMOTE\"
	path = 
[mergetool "sourcetree"]
	cmd = /Applications/Sourcetree.app/Contents/Resources/opendiff-w.sh \"$LOCAL\" \"$REMOTE\" -ancestor \"$BASE\" -merge \"$MERGED\"
	trustExitCode = true

   git config --list ::
credential.helper=osxkeychain
user.name=Wilson Mar
user.email=WilsonMar+GitHub@gmail.com
user.id=WilsonMar@gmail.com
user.username=hotwilson
user.signingkey=E62CF51CE3E5A4E8
github.user=hotwilson
github.token=token
commit.gpgsign=false
web.browser=brave
color.ui=true
color.status=auto
color.branch=auto
color.interactive=auto
color.diff=auto
color.pager=true
color.status.added=green   normal bold
color.status.changed=blue    normal bold
color.status.header=white   normal dim
color.status.untracked=cyan    normal bold
color.branch.current=yellow  reverse
color.branch.local=yellow  normal bold
color.branch.remote=cyan    normal dim
color.diff.meta=yellow  normal bold
color.diff.frag=magenta normal bold
color.diff.old=blue    normal strike
color.diff.new=green   normal bold
color.diff.whitespace=red     normal reverse
color.diff.commit=yellow bold
rerere.enabled=1
rerere.autoupdate=1
core.editor=sts
core.excludesfile=~/.gitignore
core.hitespace=space-before-tab,indent-with-non-tab,trailing-space
core.pager=diff-so-fancy | less --tabs=4 -RFX
merge.tool=p4mergetool
mergetool.p4mergetool.cmd=/Applications/p4merge.app/Contents/Resources/launchp4merge $PWD/$BASE $PWD/$REMOTE $PWD/$LOCAL $PWD/$MERGED
mergetool.p4mergetool.trustexitcode=false
mergetool.keepbackup=true
diff.tool=p4mergetool
difftool.prompt=false
difftool.p4mergetool.cmd=/Applications/p4merge.app/Contents/Resources/launchp4merge $LOCAL $REMOTE
filter.lfs.required=true
filter.lfs.clean=git-lfs clean -- %f
filter.lfs.smudge=git-lfs smudge -- %f
filter.lfs.process=git-lfs filter-process
color.diff-highlight.oldnormal=red bold
color.diff-highlight.oldhighlight=red bold 52
color.diff-highlight.newnormal=green bold
color.diff-highlight.newhighlight=green bold 22
diff-so-fancy.markemptylines=false
diff-so-fancy.changehunkindicators=false
diff-so-fancy.stripleadingsymbols=false
diff-so-fancy.useunicoderuler=false
cola.spellcheck=false
difftool.sourcetree.cmd=opendiff "$LOCAL" "$REMOTE"
difftool.sourcetree.path=
mergetool.sourcetree.cmd=/Applications/Sourcetree.app/Contents/Resources/opendiff-w.sh "$LOCAL" "$REMOTE" -ancestor "$BASE" -merge "$MERGED"
mergetool.sourcetree.trustexitcode=true
core.repositoryformatversion=0
core.filemode=true
core.bare=false
core.logallrefupdates=true
core.ignorecase=true
core.precomposeunicode=true
remote.origin.url=https://github.com/wilsonmar/DevSecOps
remote.origin.fetch=+refs/heads/*:refs/remotes/origin/*
branch.master.remote=origin
branch.master.merge=refs/heads/master

   0 MB of disk space consumed during this script run.

End of script after 0m 8s seconds elapsed.
