./macos-install-all.sh  starting with logging to file:
./macos-install-all.sh.2018-04-08T04:36:31-0600-201.log ...

   sw_vers ::
ProductName:	Mac OS X
ProductVersion:	10.13.3
BuildVersion:	17D102

   uname -a ::
Darwin Wilsons-MacBook-Pro.local 17.4.0 Darwin Kernel Version 17.4.0: Sun Dec 17 09:19:54 PST 2017; root:xnu-4570.41.2~1/RELEASE_X86_64 x86_64

>>> Mac OSX Xcode already installed:
GNU bash, version 4.4.19(1)-release (x86_64-apple-darwin17.3.0)

>>> "/Users/wilsonmar/.bash_profile" already created with      182 lines.

>>> Backing up file /Users/wilsonmar/.bash_profile to /Users/wilsonmar/.bash_profile-20346.bak ...

>>> LC_ALL Locale setting already in /Users/wilsonmar/.bash_profile

>>> ARCHFLAGS setting already in /Users/wilsonmar/.bash_profile

>>> Using whatever Ruby version comes with MacOS:
ruby 2.3.3p222 (2016-11-21 revision 56859) [universal.x86_64-darwin17]

ruby 2.3.3p222 (2016-11-21 revision 56859) [universal.x86_64-darwin17]

>>> Brew already installed:

Homebrew 1.5.14
Homebrew/homebrew-core (git revision 1f9ba; last commit 2018-04-07)

>>> Git already installed:

git version 2.16.3

>>> GITHUB_REPO_URL=https://github.com//.git
